info it worked if it ends with ok
verbose cli [ 'C:\\Program Files (x86)\\nodejs\\\\node.exe',
verbose cli   'C:\\Program Files (x86)\\nodejs\\node_modules\\npm\\bin\\npm-cli.js',
verbose cli   '-g',
verbose cli   'install',
verbose cli   'nodemonw' ]
info using npm@1.1.0-alpha-6
info using node@v0.6.5
verbose config file C:\Users\masmith\.npmrc
verbose config file C:\Program Files (x86)\nodejs\etc\npmrc
verbose config file C:\Program Files (x86)\nodejs\node_modules\npm\npmrc
verbose mkdir done: C:\Users\masmith\AppData\Roaming\npm 755
verbose into C:\Users\masmith\AppData\Roaming\npm [ 'nodemonw' ]
verbose cache add nodemonw
verbose cache add [ 'nodemonw', null ]
silly cache add: name, spec, args [ undefined, 'nodemonw', [ 'nodemonw', null ] ]
verbose parsed url { pathname: 'nodemonw', path: 'nodemonw', href: 'nodemonw' }
info addNamed [ 'nodemonw', '' ]
verbose addNamed [ null, '' ]
verbose GET nodemonw
verbose raw, before any munging nodemonw
verbose url resolving [ 'https://registry.npmjs.org/', './nodemonw' ]
verbose url resolved https://registry.npmjs.org/nodemonw
silly get cb [ 404,
silly get cb   { server: 'CouchDB/1.1.0 (Erlang OTP/R14B04)',
silly get cb     date: 'Thu, 05 Jan 2012 16:01:55 GMT',
silly get cb     'content-type': 'application/json',
silly get cb     'content-length': '52',
silly get cb     'cache-control': 'must-revalidate' } ]
ERR! 404 'nodemonw' is not in the npm registry.
ERR! 404 You could maybe bug the author to publish it
ERR! 404 Note that you can also install from a tarball or folder.
ERR! 
ERR! System Windows_NT 6.1.7601
ERR! command "C:\\Program Files (x86)\\nodejs\\\\node.exe" "C:\\Program Files (x86)\\nodejs\\node_modules\\npm\\bin\\npm-cli.js" "-g" "install" "nodemonw"
ERR! cwd C:\Users\masmith\Documents\My Dropbox\Development\Projects\HighlandPointe
ERR! node -v v0.6.5
ERR! npm -v 1.1.0-alpha-6
ERR! code E404
ERR! message 404 Not Found: nodemonw
verbose exit [ 1, true ]
